May 14, 2023 2:35:35 PM org.selenide.GUI getLoginCredentials
INFO: Reading login credentials from Swing input
May 14, 2023 2:52:30 PM org.selenide.GUI getLoginCredentials
INFO: Reading login credentials from Swing input
May 14, 2023 3:18:07 PM org.selenide.GUI getLoginCredentials
INFO: Reading login credentials from Swing input
May 14, 2023 3:19:28 PM org.selenide.GUI getLoginCredentials
INFO: Reading login credentials from Swing input
May 14, 2023 3:20:16 PM org.selenide.GUI getLoginCredentials
INFO: Reading login credentials from Swing input
May 14, 2023 3:21:56 PM org.selenide.GUI getLoginCredentials
INFO: Reading login credentials from Swing input
May 14, 2023 3:23:21 PM org.selenide.GUI getLoginCredentials
INFO: Reading login credentials from Swing input
May 14, 2023 3:25:53 PM org.selenide.GUI getLoginCredentials
INFO: Reading login credentials from Swing input
May 14, 2023 4:04:06 PM org.selenide.GUI getLoginCredentials
INFO: Reading login credentials from Swing input
May 14, 2023 4:05:24 PM org.selenide.GUI getLoginCredentials
INFO: Reading login credentials from Swing input
May 14, 2023 4:05:31 PM org.selenide.GUI saveCredentialsToFile
INFO: Saving login credentials to file
May 14, 2023 4:20:33 PM org.selenide.GUI getLoginCredentials
INFO: Reading login credentials from file
May 14, 2023 4:20:33 PM org.selenide.GUI readCredentialsFromFile
INFO: Reading login credentials from file
May 14, 2023 4:25:37 PM org.selenide.GUI getLoginCredentials
INFO: Reading login credentials from file
May 14, 2023 4:25:37 PM org.selenide.GUI readCredentialsFromFile
INFO: Reading login credentials from file
May 14, 2023 4:37:32 PM org.selenide.GUI getLoginCredentials
INFO: Reading login credentials from file
May 14, 2023 4:37:32 PM org.selenide.GUI readCredentialsFromFile
INFO: Reading login credentials from file
May 14, 2023 4:39:08 PM org.selenide.GUI getLoginCredentials
INFO: Reading login credentials from file
May 14, 2023 4:39:08 PM org.selenide.GUI readCredentialsFromFile
INFO: Reading login credentials from file
May 14, 2023 4:43:16 PM org.selenide.GUI getLoginCredentials
INFO: Reading login credentials from file
May 14, 2023 4:43:16 PM org.selenide.GUI readCredentialsFromFile
INFO: Reading login credentials from file
May 14, 2023 4:45:09 PM org.selenide.GUI getLoginCredentials
INFO: Reading login credentials from file
May 14, 2023 4:45:09 PM org.selenide.GUI readCredentialsFromFile
INFO: Reading login credentials from file
May 14, 2023 4:52:36 PM org.selenide.GUI getLoginCredentials
INFO: Reading login credentials from file
May 14, 2023 4:52:36 PM org.selenide.GUI readCredentialsFromFile
INFO: Reading login credentials from file
May 14, 2023 5:05:28 PM org.selenide.GUI getLoginCredentials
INFO: Reading login credentials from file
May 14, 2023 5:05:28 PM org.selenide.GUI readCredentialsFromFile
INFO: Reading login credentials from file
May 15, 2023 4:14:46 AM org.selenide.GUI getLoginCredentials
INFO: Reading login credentials from file
May 15, 2023 4:14:46 AM org.selenide.GUI readCredentialsFromFile
INFO: Reading login credentials from file
May 15, 2023 4:26:44 AM org.selenide.GUI getLoginCredentials
INFO: Reading login credentials from file
May 15, 2023 4:26:44 AM org.selenide.GUI readCredentialsFromFile
INFO: Reading login credentials from file
May 15, 2023 4:29:59 AM org.selenide.GUI getLoginCredentials
INFO: Reading login credentials from file
May 15, 2023 4:29:59 AM org.selenide.GUI readCredentialsFromFile
INFO: Reading login credentials from file
May 15, 2023 4:33:10 AM org.selenide.GUI getLoginCredentials
INFO: Reading login credentials from file
May 15, 2023 4:33:10 AM org.selenide.GUI readCredentialsFromFile
INFO: Reading login credentials from file
May 15, 2023 4:34:59 AM org.selenide.GUI getLoginCredentials
INFO: Reading login credentials from file
May 15, 2023 4:34:59 AM org.selenide.GUI readCredentialsFromFile
INFO: Reading login credentials from file
May 15, 2023 4:50:18 AM org.selenide.GUI getLoginCredentials
INFO: Reading login credentials from file
May 15, 2023 4:50:18 AM org.selenide.GUI readCredentialsFromFile
INFO: Reading login credentials from file
May 15, 2023 4:51:37 AM org.selenide.GUI getLoginCredentials
INFO: Reading login credentials from file
May 15, 2023 4:51:37 AM org.selenide.GUI readCredentialsFromFile
INFO: Reading login credentials from file
May 15, 2023 4:54:29 AM org.selenide.GUI getLoginCredentials
INFO: Reading login credentials from file
May 15, 2023 4:54:29 AM org.selenide.GUI readCredentialsFromFile
INFO: Reading login credentials from file
May 15, 2023 5:01:46 AM org.selenide.GUI getLoginCredentials
INFO: Reading login credentials from file
May 15, 2023 5:01:46 AM org.selenide.GUI readCredentialsFromFile
INFO: Reading login credentials from file
May 15, 2023 5:07:15 AM org.selenide.GUI getLoginCredentials
INFO: Reading login credentials from file
May 15, 2023 5:07:15 AM org.selenide.GUI readCredentialsFromFile
INFO: Reading login credentials from file
May 15, 2023 5:16:28 AM org.selenide.GUI getLoginCredentials
INFO: Reading login credentials from file
May 15, 2023 5:16:28 AM org.selenide.GUI readCredentialsFromFile
INFO: Reading login credentials from file
